{
  "stats": {
    "suites": 1,
    "tests": 2,
    "passes": 2,
    "pending": 0,
    "failures": 0,
    "start": "2024-11-11T07:31:27.490Z",
    "end": "2024-11-11T07:31:34.609Z",
    "duration": 7119,
    "testsRegistered": 2,
    "passPercent": 100,
    "pendingPercent": 0,
    "other": 0,
    "hasOther": false,
    "skipped": 0,
    "hasSkipped": false
  },
  "results": [
    {
      "uuid": "462ae3be-20f7-4d37-9fb1-8d8bad17d67f",
      "title": "",
      "fullFile": "cypress\\e2e\\tests\\addToCartTest.cy.js",
      "file": "cypress\\e2e\\tests\\addToCartTest.cy.js",
      "beforeHooks": [],
      "afterHooks": [],
      "tests": [],
      "suites": [
        {
          "uuid": "ee41f668-951f-42a8-8e0f-e55cb691d737",
          "title": " test automation",
          "fullFile": "",
          "file": "",
          "beforeHooks": [],
          "afterHooks": [],
          "tests": [
            {
              "title": "Add To Cart flow 1",
              "fullTitle": " test automation Add To Cart flow 1",
              "timedOut": null,
              "duration": 4424,
              "state": "passed",
              "speed": "fast",
              "pass": true,
              "fail": false,
              "pending": false,
              "context": null,
              "code": "homePageObj.searchProduct(_testData.default.product.productName);\nhomePageObj.addToCart();\nhomePageObj.verifySucessMessage().should('contain', _testData.default.message.successMessage).and('contain', _testData.default.product.productName);",
              "err": {},
              "uuid": "00d6d758-b142-41a3-9db2-2f142e2b061a",
              "parentUUID": "ee41f668-951f-42a8-8e0f-e55cb691d737",
              "isHook": false,
              "skipped": false
            },
            {
              "title": "Add To Cart flow 2",
              "fullTitle": " test automation Add To Cart flow 2",
              "timedOut": null,
              "duration": 2478,
              "state": "passed",
              "speed": "fast",
              "pass": true,
              "fail": false,
              "pending": false,
              "context": null,
              "code": "homePageObj.searchProduct(_testData.default.product.productName);\nhomePageObj.addToCart();\nhomePageObj.verifySucessMessage().should('contain', _testData.default.message.successMessage).and('contain', _testData.default.product.productName);",
              "err": {},
              "uuid": "7413aa76-65e8-4d88-8788-6c269f7928f9",
              "parentUUID": "ee41f668-951f-42a8-8e0f-e55cb691d737",
              "isHook": false,
              "skipped": false
            }
          ],
          "suites": [],
          "passes": [
            "00d6d758-b142-41a3-9db2-2f142e2b061a",
            "7413aa76-65e8-4d88-8788-6c269f7928f9"
          ],
          "failures": [],
          "pending": [],
          "skipped": [],
          "duration": 6902,
          "root": false,
          "rootEmpty": false,
          "_timeout": 2000
        }
      ],
      "passes": [],
      "failures": [],
      "pending": [],
      "skipped": [],
      "duration": 0,
      "root": true,
      "rootEmpty": true,
      "_timeout": 2000
    }
  ],
  "meta": {
    "mocha": {
      "version": "7.0.1"
    },
    "mochawesome": {
      "options": {
        "quiet": false,
        "reportFilename": "mochawesome",
        "saveHtml": false,
        "saveJson": true,
        "consoleReporter": "spec",
        "useInlineDiffs": false,
        "code": true
      },
      "version": "7.1.3"
    },
    "marge": {
      "options": {
        "id": "default",
        "cypressParallel": "true",
        "overwrite": false,
        "html": false,
        "json": true,
        "reportDir": "cypress\\reports\\html\\.jsons"
      },
      "version": "6.2.0"
    }
  }
}